app/build/intermediates/manifest_merge_blame_file/debug/processDebugMainManifest/manifest-merger-blame-debug-report.txt
1<?xml version="1.0" encoding="utf-8"?>
2<manifest xmlns:android="http://schemas.android.com/apk/res/android"
3    package="com.example.projetovital"
4    android:versionCode="1"
5    android:versionName="1.0" >
6
7    <uses-sdk
8        android:minSdkVersion="27"
9        android:targetSdkVersion="34" />
10
11    <!-- Declara que o aplicativo usa a câmera -->
12    <uses-feature
12-->src\main\AndroidManifest.xml:6:5-8:35
13        android:name="android.hardware.camera"
13-->src\main\AndroidManifest.xml:7:9-47
14        android:required="true" />
14-->src\main\AndroidManifest.xml:8:9-32
15
16    <uses-permission android:name="android.permission.CAMERA" />
16-->src\main\AndroidManifest.xml:11:5-65
16-->src\main\AndroidManifest.xml:11:22-62
17    <uses-permission android:name="android.permission.WRITE_EXTERNAL_STORAGE" />
17-->src\main\AndroidManifest.xml:12:5-81
17-->src\main\AndroidManifest.xml:12:22-78
18    <uses-permission android:name="android.permission.READ_EXTERNAL_STORAGE" />
18-->src\main\AndroidManifest.xml:13:5-80
18-->src\main\AndroidManifest.xml:13:22-77
19    <uses-permission android:name="android.permission.INTERNET" />
19-->src\main\AndroidManifest.xml:14:5-67
19-->src\main\AndroidManifest.xml:14:22-64
20    <uses-permission android:name="android.permission.ACCESS_NETWORK_STATE" />
20-->src\main\AndroidManifest.xml:15:5-79
20-->src\main\AndroidManifest.xml:15:22-76
21
22    <permission
22-->[androidx.core:core:1.13.1] AndroidManifest.xml:22:5-24:47
23        android:name="com.example.projetovital.DYNAMIC_RECEIVER_NOT_EXPORTED_PERMISSION"
23-->[androidx.core:core:1.13.1] AndroidManifest.xml:23:9-81
24        android:protectionLevel="signature" />
24-->[androidx.core:core:1.13.1] AndroidManifest.xml:24:9-44
25
26    <uses-permission android:name="com.example.projetovital.DYNAMIC_RECEIVER_NOT_EXPORTED_PERMISSION" />
26-->[androidx.core:core:1.13.1] AndroidManifest.xml:26:5-97
26-->[androidx.core:core:1.13.1] AndroidManifest.xml:26:22-94
27
28    <application
28-->src\main\AndroidManifest.xml:17:5-38:19
29        android:allowBackup="true"
29-->src\main\AndroidManifest.xml:18:9-35
30        android:appComponentFactory="androidx.core.app.CoreComponentFactory"
30-->[androidx.core:core:1.13.1] AndroidManifest.xml:28:18-86
31        android:dataExtractionRules="@xml/data_extraction_rules"
31-->src\main\AndroidManifest.xml:19:9-65
32        android:debuggable="true"
33        android:extractNativeLibs="false"
34        android:fullBackupContent="@xml/backup_rules"
34-->src\main\AndroidManifest.xml:20:9-54
35        android:icon="@mipmap/ic_launcher"
35-->src\main\AndroidManifest.xml:21:9-43
36        android:label="@string/app_name"
36-->src\main\AndroidManifest.xml:22:9-41
37        android:roundIcon="@mipmap/ic_launcher_round"
37-->src\main\AndroidManifest.xml:23:9-54
38        android:supportsRtl="true"
38-->src\main\AndroidManifest.xml:24:9-35
39        android:testOnly="true"
40        android:theme="@style/Theme.ProjetoVital" >
40-->src\main\AndroidManifest.xml:25:9-50
41        <activity
41-->src\main\AndroidManifest.xml:28:9-36:20
42            android:name="com.example.projetovital.MainActivity"
42-->src\main\AndroidManifest.xml:29:13-41
43            android:exported="true" >
43-->src\main\AndroidManifest.xml:30:13-36
44            <intent-filter>
44-->src\main\AndroidManifest.xml:32:13-35:29
45                <action android:name="android.intent.action.MAIN" />
45-->src\main\AndroidManifest.xml:33:17-69
45-->src\main\AndroidManifest.xml:33:25-66
46
47                <category android:name="android.intent.category.LAUNCHER" />
47-->src\main\AndroidManifest.xml:34:17-77
47-->src\main\AndroidManifest.xml:34:27-74
48            </intent-filter>
49        </activity>
50
51        <!--
52        This activity is an invisible delegate activity to start scanner activity
53        and receive result, so it's unnecessary to support screen orientation and
54        we can avoid any side effect from activity recreation in any case.
55        -->
56        <activity
56-->[com.google.android.gms:play-services-mlkit-document-scanner:16.0.0-beta1] AndroidManifest.xml:15:9-21:20
57            android:name="com.google.mlkit.vision.documentscanner.internal.GmsDocumentScanningDelegateActivity"
57-->[com.google.android.gms:play-services-mlkit-document-scanner:16.0.0-beta1] AndroidManifest.xml:16:13-112
58            android:exported="false"
58-->[com.google.android.gms:play-services-mlkit-document-scanner:16.0.0-beta1] AndroidManifest.xml:17:13-37
59            android:screenOrientation="portrait"
59-->[com.google.android.gms:play-services-mlkit-document-scanner:16.0.0-beta1] AndroidManifest.xml:18:13-49
60            android:theme="@android:style/Theme.Black.NoTitleBar.Fullscreen" >
60-->[com.google.android.gms:play-services-mlkit-document-scanner:16.0.0-beta1] AndroidManifest.xml:19:13-77
61        </activity>
62
63        <provider
63-->[com.google.mlkit:common:18.10.0] AndroidManifest.xml:9:9-13:38
64            android:name="com.google.mlkit.common.internal.MlKitInitProvider"
64-->[com.google.mlkit:common:18.10.0] AndroidManifest.xml:10:13-78
65            android:authorities="com.example.projetovital.mlkitinitprovider"
65-->[com.google.mlkit:common:18.10.0] AndroidManifest.xml:11:13-69
66            android:exported="false"
66-->[com.google.mlkit:common:18.10.0] AndroidManifest.xml:12:13-37
67            android:initOrder="99" />
67-->[com.google.mlkit:common:18.10.0] AndroidManifest.xml:13:13-35
68
69        <service
69-->[com.google.mlkit:common:18.10.0] AndroidManifest.xml:15:9-23:19
70            android:name="com.google.mlkit.common.internal.MlKitComponentDiscoveryService"
70-->[com.google.mlkit:common:18.10.0] AndroidManifest.xml:16:13-91
71            android:directBootAware="true"
71-->[com.google.mlkit:common:18.10.0] AndroidManifest.xml:17:13-43
72            android:exported="false" >
72-->[com.google.mlkit:common:18.10.0] AndroidManifest.xml:18:13-37
73            <meta-data
73-->[com.google.mlkit:common:18.10.0] AndroidManifest.xml:20:13-22:85
74                android:name="com.google.firebase.components:com.google.mlkit.common.internal.CommonComponentRegistrar"
74-->[com.google.mlkit:common:18.10.0] AndroidManifest.xml:21:17-120
75                android:value="com.google.firebase.components.ComponentRegistrar" />
75-->[com.google.mlkit:common:18.10.0] AndroidManifest.xml:22:17-82
76        </service>
77
78        <activity
78-->[com.google.android.gms:play-services-base:18.1.0] AndroidManifest.xml:20:9-22:45
79            android:name="com.google.android.gms.common.api.GoogleApiActivity"
79-->[com.google.android.gms:play-services-base:18.1.0] AndroidManifest.xml:20:19-85
80            android:exported="false"
80-->[com.google.android.gms:play-services-base:18.1.0] AndroidManifest.xml:22:19-43
81            android:theme="@android:style/Theme.Translucent.NoTitleBar" />
81-->[com.google.android.gms:play-services-base:18.1.0] AndroidManifest.xml:21:19-78
82
83        <meta-data
83-->[com.google.android.gms:play-services-basement:18.1.0] AndroidManifest.xml:21:9-23:69
84            android:name="com.google.android.gms.version"
84-->[com.google.android.gms:play-services-basement:18.1.0] AndroidManifest.xml:22:13-58
85            android:value="@integer/google_play_services_version" />
85-->[com.google.android.gms:play-services-basement:18.1.0] AndroidManifest.xml:23:13-66
86
87        <provider
87-->[androidx.emoji2:emoji2:1.3.0] AndroidManifest.xml:24:9-32:20
88            android:name="androidx.startup.InitializationProvider"
88-->[androidx.emoji2:emoji2:1.3.0] AndroidManifest.xml:25:13-67
89            android:authorities="com.example.projetovital.androidx-startup"
89-->[androidx.emoji2:emoji2:1.3.0] AndroidManifest.xml:26:13-68
90            android:exported="false" >
90-->[androidx.emoji2:emoji2:1.3.0] AndroidManifest.xml:27:13-37
91            <meta-data
91-->[androidx.emoji2:emoji2:1.3.0] AndroidManifest.xml:29:13-31:52
92                android:name="androidx.emoji2.text.EmojiCompatInitializer"
92-->[androidx.emoji2:emoji2:1.3.0] AndroidManifest.xml:30:17-75
93                android:value="androidx.startup" />
93-->[androidx.emoji2:emoji2:1.3.0] AndroidManifest.xml:31:17-49
94            <meta-data
94-->[androidx.lifecycle:lifecycle-process:2.8.5] AndroidManifest.xml:29:13-31:52
95                android:name="androidx.lifecycle.ProcessLifecycleInitializer"
95-->[androidx.lifecycle:lifecycle-process:2.8.5] AndroidManifest.xml:30:17-78
96                android:value="androidx.startup" />
96-->[androidx.lifecycle:lifecycle-process:2.8.5] AndroidManifest.xml:31:17-49
97            <meta-data
97-->[androidx.profileinstaller:profileinstaller:1.3.1] AndroidManifest.xml:29:13-31:52
98                android:name="androidx.profileinstaller.ProfileInstallerInitializer"
98-->[androidx.profileinstaller:profileinstaller:1.3.1] AndroidManifest.xml:30:17-85
99                android:value="androidx.startup" />
99-->[androidx.profileinstaller:profileinstaller:1.3.1] AndroidManifest.xml:31:17-49
100        </provider>
101
102        <service
102-->[androidx.room:room-runtime:2.6.1] AndroidManifest.xml:24:9-28:63
103            android:name="androidx.room.MultiInstanceInvalidationService"
103-->[androidx.room:room-runtime:2.6.1] AndroidManifest.xml:25:13-74
104            android:directBootAware="true"
104-->[androidx.room:room-runtime:2.6.1] AndroidManifest.xml:26:13-43
105            android:exported="false" />
105-->[androidx.room:room-runtime:2.6.1] AndroidManifest.xml:27:13-37
106
107        <receiver
107-->[androidx.profileinstaller:profileinstaller:1.3.1] AndroidManifest.xml:34:9-52:20
108            android:name="androidx.profileinstaller.ProfileInstallReceiver"
108-->[androidx.profileinstaller:profileinstaller:1.3.1] AndroidManifest.xml:35:13-76
109            android:directBootAware="false"
109-->[androidx.profileinstaller:profileinstaller:1.3.1] AndroidManifest.xml:36:13-44
110            android:enabled="true"
110-->[androidx.profileinstaller:profileinstaller:1.3.1] AndroidManifest.xml:37:13-35
111            android:exported="true"
111-->[androidx.profileinstaller:profileinstaller:1.3.1] AndroidManifest.xml:38:13-36
112            android:permission="android.permission.DUMP" >
112-->[androidx.profileinstaller:profileinstaller:1.3.1] AndroidManifest.xml:39:13-57
113            <intent-filter>
113-->[androidx.profileinstaller:profileinstaller:1.3.1] AndroidManifest.xml:40:13-42:29
114                <action android:name="androidx.profileinstaller.action.INSTALL_PROFILE" />
114-->[androidx.profileinstaller:profileinstaller:1.3.1] AndroidManifest.xml:41:17-91
114-->[androidx.profileinstaller:profileinstaller:1.3.1] AndroidManifest.xml:41:25-88
115            </intent-filter>
116            <intent-filter>
116-->[androidx.profileinstaller:profileinstaller:1.3.1] AndroidManifest.xml:43:13-45:29
117                <action android:name="androidx.profileinstaller.action.SKIP_FILE" />
117-->[androidx.profileinstaller:profileinstaller:1.3.1] AndroidManifest.xml:44:17-85
117-->[androidx.profileinstaller:profileinstaller:1.3.1] AndroidManifest.xml:44:25-82
118            </intent-filter>
119            <intent-filter>
119-->[androidx.profileinstaller:profileinstaller:1.3.1] AndroidManifest.xml:46:13-48:29
120                <action android:name="androidx.profileinstaller.action.SAVE_PROFILE" />
120-->[androidx.profileinstaller:profileinstaller:1.3.1] AndroidManifest.xml:47:17-88
120-->[androidx.profileinstaller:profileinstaller:1.3.1] AndroidManifest.xml:47:25-85
121            </intent-filter>
122            <intent-filter>
122-->[androidx.profileinstaller:profileinstaller:1.3.1] AndroidManifest.xml:49:13-51:29
123                <action android:name="androidx.profileinstaller.action.BENCHMARK_OPERATION" />
123-->[androidx.profileinstaller:profileinstaller:1.3.1] AndroidManifest.xml:50:17-95
123-->[androidx.profileinstaller:profileinstaller:1.3.1] AndroidManifest.xml:50:25-92
124            </intent-filter>
125        </receiver>
126
127        <service
127-->[com.google.android.datatransport:transport-backend-cct:2.3.3] AndroidManifest.xml:29:9-35:19
128            android:name="com.google.android.datatransport.runtime.backends.TransportBackendDiscovery"
128-->[com.google.android.datatransport:transport-backend-cct:2.3.3] AndroidManifest.xml:30:13-103
129            android:exported="false" >
129-->[com.google.android.datatransport:transport-backend-cct:2.3.3] AndroidManifest.xml:31:13-37
130            <meta-data
130-->[com.google.android.datatransport:transport-backend-cct:2.3.3] AndroidManifest.xml:32:13-34:39
131                android:name="backend:com.google.android.datatransport.cct.CctBackendFactory"
131-->[com.google.android.datatransport:transport-backend-cct:2.3.3] AndroidManifest.xml:33:17-94
132                android:value="cct" />
132-->[com.google.android.datatransport:transport-backend-cct:2.3.3] AndroidManifest.xml:34:17-36
133        </service>
134        <service
134-->[com.google.android.datatransport:transport-runtime:2.2.6] AndroidManifest.xml:26:9-30:19
135            android:name="com.google.android.datatransport.runtime.scheduling.jobscheduling.JobInfoSchedulerService"
135-->[com.google.android.datatransport:transport-runtime:2.2.6] AndroidManifest.xml:27:13-117
136            android:exported="false"
136-->[com.google.android.datatransport:transport-runtime:2.2.6] AndroidManifest.xml:28:13-37
137            android:permission="android.permission.BIND_JOB_SERVICE" >
137-->[com.google.android.datatransport:transport-runtime:2.2.6] AndroidManifest.xml:29:13-69
138        </service>
139
140        <receiver
140-->[com.google.android.datatransport:transport-runtime:2.2.6] AndroidManifest.xml:32:9-34:40
141            android:name="com.google.android.datatransport.runtime.scheduling.jobscheduling.AlarmManagerSchedulerBroadcastReceiver"
141-->[com.google.android.datatransport:transport-runtime:2.2.6] AndroidManifest.xml:33:13-132
142            android:exported="false" />
142-->[com.google.android.datatransport:transport-runtime:2.2.6] AndroidManifest.xml:34:13-37
143    </application>
144
145</manifest>